<?xml version="1.0" encoding="UTF-8"?>
<testng-results ignored="0" total="1" passed="0" failed="1" skipped="0">
  <reporter-output>
  </reporter-output>
  <suite started-at="2024-06-28T18:46:59 IST" name="Suite" finished-at="2024-06-28T18:48:20 IST" duration-ms="81036">
    <groups>
      <group name="cucumber">
        <method signature="DriverInitialisation.runScenario(io.cucumber.testng.PickleWrapper,io.cucumber.testng.FeatureWrapper)[pri:0, instance:com.mk.runners.CucumberRunner@43c1b556]" name="runScenario" class="com.mk.utilities.DriverInitialisation"/>
      </group> <!-- cucumber -->
    </groups>
    <test started-at="2024-06-28T18:46:59 IST" name="Test" finished-at="2024-06-28T18:48:20 IST" duration-ms="81036">
      <class name="com.mk.runners.CucumberRunner">
        <test-method is-config="true" signature="setUpClass(org.testng.ITestContext)[pri:0, instance:com.mk.runners.CucumberRunner@43c1b556]" started-at="2024-06-28T18:46:59 IST" name="setUpClass" finished-at="2024-06-28T18:47:04 IST" duration-ms="5309" status="PASS">
          <params>
            <param index="0">
              <value>
                <![CDATA[org.testng.TestRunner@c2df90e]]>
              </value>
            </param>
          </params>
          <reporter-output>
          </reporter-output>
        </test-method> <!-- setUpClass -->
        <test-method signature="runScenario(io.cucumber.testng.PickleWrapper,io.cucumber.testng.FeatureWrapper)[pri:0, instance:com.mk.runners.CucumberRunner@43c1b556]" started-at="2024-06-28T18:47:04 IST" name="runScenario" description="Runs Cucumber Scenarios" data-provider="scenarios" finished-at="2024-06-28T18:48:17 IST" duration-ms="72221" status="FAIL">
          <params>
            <param index="0">
              <value>
                <![CDATA["Launching the web application"]]>
              </value>
            </param>
            <param index="1">
              <value>
                <![CDATA["Login"]]>
              </value>
            </param>
          </params>
          <exception class="java.lang.AssertionError">
            <message>
              <![CDATA[expected [true] but found [false]]]>
            </message>
            <full-stacktrace>
              <![CDATA[java.lang.AssertionError: expected [true] but found [false]
at org.testng.Assert.fail(Assert.java:111)
at org.testng.Assert.failNotEquals(Assert.java:1578)
at org.testng.Assert.assertTrue(Assert.java:57)
at org.testng.Assert.assertTrue(Assert.java:67)
at com.mk.utilities.CommonMethods.hardAssert(CommonMethods.java:52)
at com.mk.testsamazon.LoginTests.verify_if_login_page_is_displayed(LoginTests.java:34)
at âœ½.Verify if login page is displayed(file:///C:/Users/mural/Downloads/Framework/src/test/resources/Features/Web/Amazon/Login.feature:7)
]]>
            </full-stacktrace>
          </exception> <!-- java.lang.AssertionError -->
          <reporter-output>
          </reporter-output>
        </test-method> <!-- runScenario -->
        <test-method is-config="true" signature="tearDownClass()[pri:0, instance:com.mk.runners.CucumberRunner@43c1b556]" started-at="2024-06-28T18:48:17 IST" name="tearDownClass" finished-at="2024-06-28T18:48:20 IST" duration-ms="3401" status="PASS">
          <reporter-output>
          </reporter-output>
        </test-method> <!-- tearDownClass -->
      </class> <!-- com.mk.runners.CucumberRunner -->
    </test> <!-- Test -->
  </suite> <!-- Suite -->
</testng-results>
