<?xml version="1.0" encoding="UTF-8"?>
<!-- Generated by org.testng.reporters.JUnitReportReporter -->
<testsuite hostname="MuraliKrishnaK" failures="1" tests="1" name="com.mk.runners.CucumberRunner" time="72.221" errors="0" timestamp="2024-06-28T18:48:20 IST" skipped="0">
  <testcase classname="com.mk.runners.CucumberRunner" name="runScenario" time="72.221">
    <failure message="expected [true] but found [false]" type="java.lang.AssertionError">
      <![CDATA[java.lang.AssertionError: expected [true] but found [false]
at org.testng.Assert.fail(Assert.java:111)
at org.testng.Assert.failNotEquals(Assert.java:1578)
at org.testng.Assert.assertTrue(Assert.java:57)
at org.testng.Assert.assertTrue(Assert.java:67)
at com.mk.utilities.CommonMethods.hardAssert(CommonMethods.java:52)
at com.mk.testsamazon.LoginTests.verify_if_login_page_is_displayed(LoginTests.java:34)
at âœ½.Verify if login page is displayed(file:///C:/Users/mural/Downloads/Framework/src/test/resources/Features/Web/Amazon/Login.feature:7)
]]>
    </failure>
  </testcase> <!-- runScenario -->
</testsuite> <!-- com.mk.runners.CucumberRunner -->
